<?xml version="1.0" encoding="UTF-8"?>
<!-- Generated by org.testng.reporters.JUnitReportReporter -->
<testsuite hostname="DESKTOP-A2QD7Q6" failures="0" tests="1" name="EmranAutomationProject.FirstAutomation" time="11.244" errors="0" timestamp="2023-06-11T15:29:09 CEST" skipped="0">
  <testcase classname="EmranAutomationProject.FirstAutomation" name="firstTest" time="11.244"/>
</testsuite> <!-- EmranAutomationProject.FirstAutomation -->
